<?xml version="1.0" encoding="UTF-8"?>
<!-- Generated by org.testng.reporters.JUnitReportReporter -->
<testsuite hostname="SPYSYSTEM" failures="0" tests="1" name="runners.TestRunner" time="84.271" errors="0" timestamp="2023-09-18T11:18:45 IST" skipped="0">
  <testcase classname="runners.TestRunner" name="runScenario" time="84.271"/>
</testsuite> <!-- runners.TestRunner -->
