<?xml version="1.0" encoding="UTF-8"?>
<!-- Generated by org.testng.reporters.JUnitReportReporter -->
<testsuite hostname="SPYSYSTEM" failures="0" tests="8" name="runners.TestRunner" time="484.312" errors="0" timestamp="2023-09-19T00:10:16 IST" skipped="0">
  <testcase classname="runners.TestRunner" name="runScenario" time="60.067"/>
  <testcase classname="runners.TestRunner" name="runScenario" time="104.360"/>
  <testcase classname="runners.TestRunner" name="runScenario" time="56.813"/>
  <testcase classname="runners.TestRunner" name="runScenario" time="69.302"/>
  <testcase classname="runners.TestRunner" name="runScenario" time="30.880"/>
  <testcase classname="runners.TestRunner" name="runScenario" time="20.225"/>
  <testcase classname="runners.TestRunner" name="runScenario" time="61.590"/>
  <testcase classname="runners.TestRunner" name="runScenario" time="81.075"/>
</testsuite> <!-- runners.TestRunner -->
