<?xml version="1.0" encoding="UTF-8"?>
<!-- Generated by org.testng.reporters.JUnitReportReporter -->
<testsuite hostname="SPYSYSTEM" failures="0" tests="1" name="runners.TestRunner" time="57.401" errors="0" timestamp="2023-09-17T23:15:48 IST" skipped="0">
  <testcase classname="runners.TestRunner" name="runScenario" time="57.401"/>
</testsuite> <!-- runners.TestRunner -->
